[2017-12-06 19:28:21] local.ERROR: Class 'AddArticleTable' not found {"exception":"[object] (Symfony\\Component\\Debug\\Exception\\FatalThrowableError(code: 0): Class 'AddArticleTable' not found at /media/data/laravel/blog/vendor/laravel/framework/src/Illuminate/Database/Migrations/Migrator.php:417)
[stacktrace]
#0 /media/data/laravel/blog/vendor/laravel/framework/src/Illuminate/Database/Migrations/Migrator.php(168): Illuminate\\Database\\Migrations\\Migrator->resolve('2017_12_06_1854...')
#1 /media/data/laravel/blog/vendor/laravel/framework/src/Illuminate/Database/Migrations/Migrator.php(146): Illuminate\\Database\\Migrations\\Migrator->runUp('/media/data/lar...', 2, false)
#2 /media/data/laravel/blog/vendor/laravel/framework/src/Illuminate/Database/Migrations/Migrator.php(95): Illuminate\\Database\\Migrations\\Migrator->runPending(Array, Array)
#3 /media/data/laravel/blog/vendor/laravel/framework/src/Illuminate/Database/Console/Migrations/MigrateCommand.php(69): Illuminate\\Database\\Migrations\\Migrator->run(Array, Array)
#4 [internal function]: Illuminate\\Database\\Console\\Migrations\\MigrateCommand->handle()
#5 /media/data/laravel/blog/vendor/laravel/framework/src/Illuminate/Container/BoundMethod.php(29): call_user_func_array(Array, Array)
#6 /media/data/laravel/blog/vendor/laravel/framework/src/Illuminate/Container/BoundMethod.php(87): Illuminate\\Container\\BoundMethod::Illuminate\\Container\\{closure}()
#7 /media/data/laravel/blog/vendor/laravel/framework/src/Illuminate/Container/BoundMethod.php(31): Illuminate\\Container\\BoundMethod::callBoundMethod(Object(Illuminate\\Foundation\\Application), Array, Object(Closure))
#8 /media/data/laravel/blog/vendor/laravel/framework/src/Illuminate/Container/Container.php(549): Illuminate\\Container\\BoundMethod::call(Object(Illuminate\\Foundation\\Application), Array, Array, NULL)
#9 /media/data/laravel/blog/vendor/laravel/framework/src/Illuminate/Console/Command.php(180): Illuminate\\Container\\Container->call(Array)
#10 /media/data/laravel/blog/vendor/symfony/console/Command/Command.php(252): Illuminate\\Console\\Command->execute(Object(Symfony\\Component\\Console\\Input\\ArgvInput), Object(Illuminate\\Console\\OutputStyle))
#11 /media/data/laravel/blog/vendor/laravel/framework/src/Illuminate/Console/Command.php(167): Symfony\\Component\\Console\\Command\\Command->run(Object(Symfony\\Component\\Console\\Input\\ArgvInput), Object(Illuminate\\Console\\OutputStyle))
#12 /media/data/laravel/blog/vendor/symfony/console/Application.php(918): Illuminate\\Console\\Command->run(Object(Symfony\\Component\\Console\\Input\\ArgvInput), Object(Symfony\\Component\\Console\\Output\\ConsoleOutput))
#13 /media/data/laravel/blog/vendor/symfony/console/Application.php(222): Symfony\\Component\\Console\\Application->doRunCommand(Object(Illuminate\\Database\\Console\\Migrations\\MigrateCommand), Object(Symfony\\Component\\Console\\Input\\ArgvInput), Object(Symfony\\Component\\Console\\Output\\ConsoleOutput))
#14 /media/data/laravel/blog/vendor/symfony/console/Application.php(129): Symfony\\Component\\Console\\Application->doRun(Object(Symfony\\Component\\Console\\Input\\ArgvInput), Object(Symfony\\Component\\Console\\Output\\ConsoleOutput))
#15 /media/data/laravel/blog/vendor/laravel/framework/src/Illuminate/Console/Application.php(88): Symfony\\Component\\Console\\Application->run(Object(Symfony\\Component\\Console\\Input\\ArgvInput), Object(Symfony\\Component\\Console\\Output\\ConsoleOutput))
#16 /media/data/laravel/blog/vendor/laravel/framework/src/Illuminate/Foundation/Console/Kernel.php(121): Illuminate\\Console\\Application->run(Object(Symfony\\Component\\Console\\Input\\ArgvInput), Object(Symfony\\Component\\Console\\Output\\ConsoleOutput))
#17 /media/data/laravel/blog/artisan(37): Illuminate\\Foundation\\Console\\Kernel->handle(Object(Symfony\\Component\\Console\\Input\\ArgvInput), Object(Symfony\\Component\\Console\\Output\\ConsoleOutput))
#18 {main}
"} 
[2017-12-06 19:29:23] local.ERROR: Class 'AddArticleTable' not found {"exception":"[object] (Symfony\\Component\\Debug\\Exception\\FatalThrowableError(code: 0): Class 'AddArticleTable' not found at /media/data/laravel/blog/vendor/laravel/framework/src/Illuminate/Database/Migrations/Migrator.php:417)
[stacktrace]
#0 /media/data/laravel/blog/vendor/laravel/framework/src/Illuminate/Database/Migrations/Migrator.php(168): Illuminate\\Database\\Migrations\\Migrator->resolve('2017_12_06_1854...')
#1 /media/data/laravel/blog/vendor/laravel/framework/src/Illuminate/Database/Migrations/Migrator.php(146): Illuminate\\Database\\Migrations\\Migrator->runUp('/media/data/lar...', 2, false)
#2 /media/data/laravel/blog/vendor/laravel/framework/src/Illuminate/Database/Migrations/Migrator.php(95): Illuminate\\Database\\Migrations\\Migrator->runPending(Array, Array)
#3 /media/data/laravel/blog/vendor/laravel/framework/src/Illuminate/Database/Console/Migrations/MigrateCommand.php(69): Illuminate\\Database\\Migrations\\Migrator->run(Array, Array)
#4 [internal function]: Illuminate\\Database\\Console\\Migrations\\MigrateCommand->handle()
#5 /media/data/laravel/blog/vendor/laravel/framework/src/Illuminate/Container/BoundMethod.php(29): call_user_func_array(Array, Array)
#6 /media/data/laravel/blog/vendor/laravel/framework/src/Illuminate/Container/BoundMethod.php(87): Illuminate\\Container\\BoundMethod::Illuminate\\Container\\{closure}()
#7 /media/data/laravel/blog/vendor/laravel/framework/src/Illuminate/Container/BoundMethod.php(31): Illuminate\\Container\\BoundMethod::callBoundMethod(Object(Illuminate\\Foundation\\Application), Array, Object(Closure))
#8 /media/data/laravel/blog/vendor/laravel/framework/src/Illuminate/Container/Container.php(549): Illuminate\\Container\\BoundMethod::call(Object(Illuminate\\Foundation\\Application), Array, Array, NULL)
#9 /media/data/laravel/blog/vendor/laravel/framework/src/Illuminate/Console/Command.php(180): Illuminate\\Container\\Container->call(Array)
#10 /media/data/laravel/blog/vendor/symfony/console/Command/Command.php(252): Illuminate\\Console\\Command->execute(Object(Symfony\\Component\\Console\\Input\\ArgvInput), Object(Illuminate\\Console\\OutputStyle))
#11 /media/data/laravel/blog/vendor/laravel/framework/src/Illuminate/Console/Command.php(167): Symfony\\Component\\Console\\Command\\Command->run(Object(Symfony\\Component\\Console\\Input\\ArgvInput), Object(Illuminate\\Console\\OutputStyle))
#12 /media/data/laravel/blog/vendor/symfony/console/Application.php(918): Illuminate\\Console\\Command->run(Object(Symfony\\Component\\Console\\Input\\ArgvInput), Object(Symfony\\Component\\Console\\Output\\ConsoleOutput))
#13 /media/data/laravel/blog/vendor/symfony/console/Application.php(222): Symfony\\Component\\Console\\Application->doRunCommand(Object(Illuminate\\Database\\Console\\Migrations\\MigrateCommand), Object(Symfony\\Component\\Console\\Input\\ArgvInput), Object(Symfony\\Component\\Console\\Output\\ConsoleOutput))
#14 /media/data/laravel/blog/vendor/symfony/console/Application.php(129): Symfony\\Component\\Console\\Application->doRun(Object(Symfony\\Component\\Console\\Input\\ArgvInput), Object(Symfony\\Component\\Console\\Output\\ConsoleOutput))
#15 /media/data/laravel/blog/vendor/laravel/framework/src/Illuminate/Console/Application.php(88): Symfony\\Component\\Console\\Application->run(Object(Symfony\\Component\\Console\\Input\\ArgvInput), Object(Symfony\\Component\\Console\\Output\\ConsoleOutput))
#16 /media/data/laravel/blog/vendor/laravel/framework/src/Illuminate/Foundation/Console/Kernel.php(121): Illuminate\\Console\\Application->run(Object(Symfony\\Component\\Console\\Input\\ArgvInput), Object(Symfony\\Component\\Console\\Output\\ConsoleOutput))
#17 /media/data/laravel/blog/artisan(37): Illuminate\\Foundation\\Console\\Kernel->handle(Object(Symfony\\Component\\Console\\Input\\ArgvInput), Object(Symfony\\Component\\Console\\Output\\ConsoleOutput))
#18 {main}
"} 
[2017-12-10 01:53:25] local.ERROR: There are no commands defined in the "sluggable" namespace. {"exception":"[object] (Symfony\\Component\\Console\\Exception\\CommandNotFoundException(code: 0): There are no commands defined in the \"sluggable\" namespace. at /media/data/laravel/blog/vendor/symfony/console/Application.php:556)
[stacktrace]
#0 /media/data/laravel/blog/vendor/symfony/console/Application.php(595): Symfony\\Component\\Console\\Application->findNamespace('sluggable')
#1 /media/data/laravel/blog/vendor/symfony/console/Application.php(221): Symfony\\Component\\Console\\Application->find('sluggable:table')
#2 /media/data/laravel/blog/vendor/symfony/console/Application.php(148): Symfony\\Component\\Console\\Application->doRun(Object(Symfony\\Component\\Console\\Input\\ArgvInput), Object(Symfony\\Component\\Console\\Output\\ConsoleOutput))
#3 /media/data/laravel/blog/vendor/laravel/framework/src/Illuminate/Console/Application.php(88): Symfony\\Component\\Console\\Application->run(Object(Symfony\\Component\\Console\\Input\\ArgvInput), Object(Symfony\\Component\\Console\\Output\\ConsoleOutput))
#4 /media/data/laravel/blog/vendor/laravel/framework/src/Illuminate/Foundation/Console/Kernel.php(121): Illuminate\\Console\\Application->run(Object(Symfony\\Component\\Console\\Input\\ArgvInput), Object(Symfony\\Component\\Console\\Output\\ConsoleOutput))
#5 /media/data/laravel/blog/artisan(37): Illuminate\\Foundation\\Console\\Kernel->handle(Object(Symfony\\Component\\Console\\Input\\ArgvInput), Object(Symfony\\Component\\Console\\Output\\ConsoleOutput))
#6 {main}
"} 
